<?xml version="1.0" encoding="UTF-8"?>
<!-- Generated by org.testng.reporters.JUnitReportReporter -->
<testsuite hostname="DESKTOP-972N72V" failures="0" tests="3" name="productsEcommerceTest.ExommerceFuntionalTest.BaseModelToTest" time="23.628" errors="0" timestamp="2024-10-02T13:48:21 IST" skipped="0">
  <testcase classname="productsEcommerceTest.ExommerceFuntionalTest.BaseModelToTest" name="submitOrder" time="9.526"/>
  <testcase classname="productsEcommerceTest.ExommerceFuntionalTest.BaseModelToTest" name="submitOrder" time="9.155"/>
  <testcase classname="productsEcommerceTest.ExommerceFuntionalTest.BaseModelToTest" name="OrderHistoryPageTest" time="4.947"/>
</testsuite> <!-- productsEcommerceTest.ExommerceFuntionalTest.BaseModelToTest -->
