<?xml version="1.0" encoding="UTF-8"?>
<!-- Generated by org.testng.reporters.JUnitReportReporter -->
<testsuite hostname="DESKTOP-972N72V" failures="0" tests="2" name="productsEcommerceTest.ExommerceFuntionalTest.ErrorValidationTest" time="13.171" errors="0" timestamp="2024-10-02T13:48:21 IST" skipped="0">
  <testcase classname="productsEcommerceTest.ExommerceFuntionalTest.ErrorValidationTest" name="loginErrorValidation" time="5.094"/>
  <testcase classname="productsEcommerceTest.ExommerceFuntionalTest.ErrorValidationTest" name="productErrorValidation" time="8.077"/>
</testsuite> <!-- productsEcommerceTest.ExommerceFuntionalTest.ErrorValidationTest -->
